timestamp: 2013-03-13T05:55:58.604678
CREATE TABLE auth_user(
    id INTEGER PRIMARY KEY AUTOINCREMENT,
    first_name CHAR(128),
    last_name CHAR(128),
    email CHAR(512),
    password CHAR(512),
    registration_key CHAR(512),
    reset_password_key CHAR(512),
    registration_id CHAR(512)
);
success!
timestamp: 2013-03-13T05:55:58.642015
CREATE TABLE auth_group(
    id INTEGER PRIMARY KEY AUTOINCREMENT,
    role CHAR(512),
    description TEXT
);
success!
timestamp: 2013-03-13T05:55:58.684375
CREATE TABLE auth_membership(
    id INTEGER PRIMARY KEY AUTOINCREMENT,
    user_id INTEGER REFERENCES auth_user (id) ON DELETE CASCADE,
    group_id INTEGER REFERENCES auth_group (id) ON DELETE CASCADE
);
success!
timestamp: 2013-03-13T05:55:58.777202
CREATE TABLE auth_permission(
    id INTEGER PRIMARY KEY AUTOINCREMENT,
    group_id INTEGER REFERENCES auth_group (id) ON DELETE CASCADE,
    name CHAR(512),
    table_name CHAR(512),
    record_id INTEGER
);
success!
timestamp: 2013-03-13T05:55:58.819704
CREATE TABLE auth_event(
    id INTEGER PRIMARY KEY AUTOINCREMENT,
    time_stamp TIMESTAMP,
    client_ip CHAR(512),
    user_id INTEGER REFERENCES auth_user (id) ON DELETE CASCADE,
    origin CHAR(512),
    description TEXT
);
success!
timestamp: 2013-03-13T05:55:58.859955
CREATE TABLE auth_cas(
    id INTEGER PRIMARY KEY AUTOINCREMENT,
    user_id INTEGER REFERENCES auth_user (id) ON DELETE CASCADE,
    created_on TIMESTAMP,
    service CHAR(512),
    ticket CHAR(512),
    renew CHAR(1)
);
success!
timestamp: 2013-03-13T06:03:07.550212
CREATE TABLE readings(
    id INTEGER PRIMARY KEY AUTOINCREMENT,
    sensor CHAR(512),
    reading CHAR(512)
);
success!
timestamp: 2014-01-03T14:05:49.014740
CREATE TABLE todo(
    id INTEGER PRIMARY KEY AUTOINCREMENT,
    category CHAR(512),
    summary CHAR(512),
    description CHAR(512),
    phone_id CHAR(512)
);
success!
timestamp: 2014-01-13T09:22:45.408823
CREATE TABLE pi_ip(
    id INTEGER PRIMARY KEY AUTOINCREMENT,
    loc_ip CHAR(512),
    ext_ip CHAR(512),
    sysinfo CHAR(512),
    time_stamp CHAR(512)
);
success!
