[2014-01-03 14:02:59] START
[2014-01-03 14:02:59] EDIT welcome/models/db.py: 5
[2014-01-03 14:05:32] EDIT welcome/controllers/default.py: 9
[2014-01-03 14:07:47] EDIT welcome/controllers/default.py: -1
[2014-01-03 16:13:29] EDIT welcome/controllers/default.py: 6
[2014-01-03 16:17:36] EDIT welcome/controllers/default.py: 1
[2014-01-03 16:18:14] EDIT welcome/controllers/default.py: -1
[2014-01-03 16:18:22] EDIT welcome/controllers/default.py: 0
[2014-01-03 16:24:09] EDIT welcome/controllers/default.py: 1
[2014-01-03 16:24:11] EDIT welcome/controllers/default.py: 0
[2014-01-03 16:25:07] EDIT welcome/controllers/default.py: 0
[2014-01-03 16:27:13] EDIT welcome/controllers/default.py: 1
[2014-01-03 16:28:15] EDIT welcome/controllers/default.py: -2
[2014-01-03 16:32:54] CREATE default/todoview.html: 0
[2014-01-03 16:33:21] EDIT welcome/views/default/todoview.html: -1
[2014-01-03 16:33:50] EDIT welcome/views/default/todoview.html: -1
[2014-01-03 16:34:01] EDIT welcome/views/default/todoview.html: 1
[2014-01-03 16:34:50] EDIT welcome/views/default/todoview.html: 0
[2014-01-13 08:54:45] EDIT welcome/models/db.py: 4
[2014-01-13 08:54:52] EDIT welcome/models/db.py: 0
[2014-01-13 08:56:59] EDIT welcome/controllers/default.py: 7
[2014-01-13 09:01:02] EDIT welcome/controllers/default.py: 6
[2014-01-13 09:01:10] EDIT welcome/controllers/default.py: 0
[2014-01-13 09:01:26] EDIT welcome/controllers/default.py: 0
[2014-01-13 09:05:35] EDIT welcome/models/db.py: 1
[2014-01-13 09:05:36] EDIT welcome/models/db.py: 0
[2014-01-13 09:05:37] EDIT welcome/models/db.py: 0
[2014-01-13 09:05:37] EDIT welcome/models/db.py: 0
[2014-01-13 09:05:37] EDIT welcome/models/db.py: 0
[2014-01-13 09:05:37] EDIT welcome/models/db.py: 0
[2014-01-13 09:05:38] EDIT welcome/models/db.py: 0
[2014-01-13 09:06:20] EDIT welcome/controllers/default.py: -1
[2014-01-13 09:06:26] EDIT welcome/controllers/default.py: 0
[2014-01-13 09:09:30] EDIT welcome/models/db.py: 1
[2014-01-13 09:09:37] EDIT welcome/models/db.py: 0
[2014-01-13 09:10:24] EDIT welcome/controllers/default.py: 1
[2014-01-13 09:10:25] EDIT welcome/controllers/default.py: 0
[2014-01-13 09:16:21] EDIT welcome/controllers/default.py: 0
[2014-01-13 09:16:58] CREATE default/ip_view.html: 0
[2014-01-13 09:17:38] EDIT welcome/views/default/ip_view.html: 0
[2014-01-13 09:19:37] EDIT welcome/models/db.py: -1
[2014-01-13 09:20:03] EDIT welcome/views/default/ip_view.html: 0
[2014-01-13 09:21:52] EDIT welcome/models/db.py: 0
[2014-01-13 09:22:24] EDIT welcome/controllers/default.py: 0
[2014-01-13 09:22:27] EDIT welcome/controllers/default.py: 0
[2014-01-13 09:31:21] EDIT welcome/controllers/default.py: 0
[2014-01-13 09:31:27] EDIT welcome/controllers/default.py: 0
[2014-01-13 09:32:02] EDIT welcome/controllers/default.py: 0
[2014-01-13 09:32:07] EDIT welcome/controllers/default.py: 0
[2014-01-13 09:33:05] EDIT welcome/controllers/default.py: 0
[2014-01-13 09:33:09] EDIT welcome/controllers/default.py: 0
[2014-01-13 09:34:55] EDIT welcome/controllers/default.py: 0
[2014-01-13 09:34:56] EDIT welcome/controllers/default.py: 0
